#
# There is insufficient memory for the Java Runtime Environment to continue.
# Native memory allocation (malloc) failed to allocate 1115056 bytes. Error detail: Chunk::new
# Possible reasons:
#   The system is out of physical RAM or swap space
#   This process is running with CompressedOops enabled, and the Java Heap may be blocking the growth of the native heap
# Possible solutions:
#   Reduce memory load on the system
#   Increase physical memory or swap space
#   Check if swap backing store is full
#   Decrease Java heap size (-Xmx/-Xms)
#   Decrease number of Java threads
#   Decrease Java thread stack sizes (-Xss)
#   Set larger code cache with -XX:ReservedCodeCacheSize=
#   JVM is running with Unscaled Compressed Oops mode in which the Java heap is
#     placed in the first 4GB address space. The Java Heap base address is the
#     maximum limit for the native heap growth. Please use -XX:HeapBaseMinAddress
#     to set the Java Heap base and to place the Java Heap above 4GB virtual address.
# This output file may be truncated or incomplete.
#
#  Out of Memory Error (arena.cpp:168), pid=22848, tid=18060
#
# JRE version: OpenJDK Runtime Environment Temurin-21.0.9+10 (21.0.9+10) (build 21.0.9+10-LTS)
# Java VM: OpenJDK 64-Bit Server VM Temurin-21.0.9+10 (21.0.9+10-LTS, mixed mode, sharing, tiered, compressed oops, compressed class ptrs, parallel gc, windows-amd64)
# No core dump will be written. Minidumps are not enabled by default on client versions of Windows
#

---------------  S U M M A R Y ------------

Command Line: --add-modules=ALL-SYSTEM --add-opens=java.base/java.util=ALL-UNNAMED --add-opens=java.base/java.lang=ALL-UNNAMED --add-opens=java.base/sun.nio.fs=ALL-UNNAMED -Declipse.application=org.eclipse.jdt.ls.core.id1 -Dosgi.bundles.defaultStartLevel=4 -Declipse.product=org.eclipse.jdt.ls.core.product -Djava.import.generatesMetadataFilesAtProjectRoot=false -DDetectVMInstallationsJob.disabled=true -Dfile.encoding=utf8 -XX:+UseParallelGC -XX:GCTimeRatio=4 -XX:AdaptiveSizePolicyWeight=90 -Dsun.zip.disableMemoryMapping=true -Xmx2G -Xms100m -Xlog:disable -javaagent:c:\Users\Administrator\.vscode\extensions\redhat.java-1.52.0-win32-x64\lombok\lombok-1.18.39-4050.jar -XX:+HeapDumpOnOutOfMemoryError -XX:HeapDumpPath=c:\Users\Administrator\AppData\Roaming\Code\User\workspaceStorage\08b63966e0f6120811ab977c7499b368\redhat.java -Daether.dependencyCollector.impl=bf c:\Users\Administrator\.vscode\extensions\redhat.java-1.52.0-win32-x64\server\plugins\org.eclipse.equinox.launcher_1.7.100.v20251111-0406.jar -configuration c:\Users\Administrator\AppData\Roaming\Code\User\globalStorage\redhat.java\1.52.0\config_win -data c:\Users\Administrator\AppData\Roaming\Code\User\workspaceStorage\08b63966e0f6120811ab977c7499b368\redhat.java\jdt_ws --pipe=\\.\pipe\lsp-4642c772e72804da50ca0a872bc0c619-sock

Host: Intel(R) Core(TM) i5-8500 CPU @ 3.00GHz, 6 cores, 15G,  Windows 10 , 64 bit Build 19041 (10.0.19041.5915)
Time: Mon Feb 23 18:22:31 2026 elapsed time: 6.270741 seconds (0d 0h 0m 6s)

---------------  T H R E A D  ---------------

Current thread (0x00000297acde8dd0):  JavaThread "C2 CompilerThread0" daemon [_thread_in_native, id=18060, stack(0x000000f48ab00000,0x000000f48ac00000) (1024K)]


Current CompileTask:
C2:6270 5914   !   4       org.eclipse.osgi.internal.loader.BundleLoader::findClass0 (490 bytes)

Stack: [0x000000f48ab00000,0x000000f48ac00000]
Native frames: (J=compiled Java code, j=interpreted, Vv=VM code, C=native code)
V  [jvm.dll+0x6d6e29]
V  [jvm.dll+0x8b4b76]
V  [jvm.dll+0x8b712e]
V  [jvm.dll+0x8b7813]
V  [jvm.dll+0x283d86]
V  [jvm.dll+0xc66ed]
V  [jvm.dll+0xc6c31]
V  [jvm.dll+0x3be501]
V  [jvm.dll+0x1e3b52]
V  [jvm.dll+0x24c0f3]
V  [jvm.dll+0x24b580]
V  [jvm.dll+0x1cb13e]
V  [jvm.dll+0x25b29d]
V  [jvm.dll+0x25982a]
V  [jvm.dll+0x3f7ea6]
V  [jvm.dll+0x85e9ad]
V  [jvm.dll+0x6d565d]
C  [ucrtbase.dll+0x21bb2]
C  [KERNEL32.DLL+0x17374]
C  [ntdll.dll+0x4cc91]


---------------  P R O C E S S  ---------------

Threads class SMR info:
_java_thread_list=0x000002980ce874a0, length=37, elements={
0x00000297aac95500, 0x00000297acddf0b0, 0x00000297acde05f0, 0x00000297acde3fa0,
0x00000297acde6b00, 0x00000297acde7550, 0x00000297acde7fa0, 0x00000297acde8dd0,
0x00000297ace489d0, 0x0000029805c3f190, 0x0000029805d55ac0, 0x000002980a71c8e0,
0x000002980a79af00, 0x000002980a789250, 0x0000029805e616f0, 0x000002980ab44670,
0x000002980acc46c0, 0x000002980a72ff70, 0x000002980aae9c40, 0x000002980a5cd480,
0x000002980a5ccdf0, 0x000002980a5cc0d0, 0x000002980a5cc760, 0x000002980ce1faa0,
0x000002980a5ceec0, 0x000002980c33c4c0, 0x000002980c341380, 0x000002980c3420a0,
0x000002980c33cb50, 0x000002980c341a10, 0x000002980c33f2b0, 0x000002980c33b7a0,
0x000002980c33f940, 0x000002980c33d870, 0x000002980c33b110, 0x000002980c33ffd0,
0x000002980c33d1e0
}
_to_delete_list=0x000002980cf4a150, length=35, elements={
0x00000297aac95500, 0x00000297acddf0b0, 0x00000297acde05f0, 0x00000297acde3fa0,
0x00000297acde6b00, 0x00000297acde7550, 0x00000297acde7fa0, 0x00000297acde8dd0,
0x00000297ace489d0, 0x0000029805c3f190, 0x0000029805d55ac0, 0x000002980a71c8e0,
0x000002980a79af00, 0x000002980a789250, 0x0000029805e616f0, 0x000002980ab44670,
0x000002980acc46c0, 0x000002980a72ff70, 0x000002980aae9c40, 0x000002980a5cd480,
0x000002980a5ccdf0, 0x000002980a5cc0d0, 0x000002980a5cc760, 0x000002980ce1faa0,
0x000002980a5ceec0, 0x000002980c33c4c0, 0x000002980c341380, 0x000002980c3420a0,
0x000002980c33cb50, 0x000002980c341a10, 0x000002980c33f2b0, 0x000002980c33b7a0,
0x000002980c33f940, 0x000002980c33d870, 0x000002980c33b110
}

Java Threads: ( => current thread )
  0x00000297aac95500 JavaThread "main"                              [_thread_blocked, id=20728, stack(0x000000f48a100000,0x000000f48a200000) (1024K)]
  0x00000297acddf0b0 JavaThread "Reference Handler"          daemon [_thread_blocked, id=23560, stack(0x000000f48a500000,0x000000f48a600000) (1024K)]
  0x00000297acde05f0 JavaThread "Finalizer"                  daemon [_thread_blocked, id=13316, stack(0x000000f48a600000,0x000000f48a700000) (1024K)]
  0x00000297acde3fa0 JavaThread "Signal Dispatcher"          daemon [_thread_blocked, id=19948, stack(0x000000f48a700000,0x000000f48a800000) (1024K)]
  0x00000297acde6b00 JavaThread "Attach Listener"            daemon [_thread_blocked, id=19136, stack(0x000000f48a800000,0x000000f48a900000) (1024K)]
  0x00000297acde7550 JavaThread "Service Thread"             daemon [_thread_blocked, id=20792, stack(0x000000f48a900000,0x000000f48aa00000) (1024K)]
  0x00000297acde7fa0 JavaThread "Monitor Deflation Thread"   daemon [_thread_blocked, id=19620, stack(0x000000f48aa00000,0x000000f48ab00000) (1024K)]
=>0x00000297acde8dd0 JavaThread "C2 CompilerThread0"         daemon [_thread_in_native, id=18060, stack(0x000000f48ab00000,0x000000f48ac00000) (1024K)]
  0x00000297ace489d0 JavaThread "C1 CompilerThread0"         daemon [_thread_blocked, id=28580, stack(0x000000f48ac00000,0x000000f48ad00000) (1024K)]
  0x0000029805c3f190 JavaThread "Common-Cleaner"             daemon [_thread_blocked, id=19244, stack(0x000000f48ad00000,0x000000f48ae00000) (1024K)]
  0x0000029805d55ac0 JavaThread "Notification Thread"        daemon [_thread_blocked, id=19996, stack(0x000000f48ae00000,0x000000f48af00000) (1024K)]
  0x000002980a71c8e0 JavaThread "Active Thread: Equinox Container: c78d8f1a-80f5-42bf-841f-5e36e7b5cdcc"        [_thread_blocked, id=7836, stack(0x000000f48b500000,0x000000f48b600000) (1024K)]
  0x000002980a79af00 JavaThread "Refresh Thread: Equinox Container: c78d8f1a-80f5-42bf-841f-5e36e7b5cdcc" daemon [_thread_blocked, id=23348, stack(0x000000f48b600000,0x000000f48b700000) (1024K)]
  0x000002980a789250 JavaThread "Framework Event Dispatcher: Equinox Container: c78d8f1a-80f5-42bf-841f-5e36e7b5cdcc" daemon [_thread_blocked, id=28088, stack(0x000000f48b700000,0x000000f48b800000) (1024K)]
  0x0000029805e616f0 JavaThread "Start Level: Equinox Container: c78d8f1a-80f5-42bf-841f-5e36e7b5cdcc" daemon [_thread_blocked, id=21572, stack(0x000000f48af00000,0x000000f48b000000) (1024K)]
  0x000002980ab44670 JavaThread "Bundle File Closer"         daemon [_thread_blocked, id=24612, stack(0x000000f48b900000,0x000000f48ba00000) (1024K)]
  0x000002980acc46c0 JavaThread "SCR Component Actor"        daemon [_thread_blocked, id=25184, stack(0x000000f48ba00000,0x000000f48bb00000) (1024K)]
  0x000002980a72ff70 JavaThread "Worker-JM"                         [_thread_blocked, id=19560, stack(0x000000f48b800000,0x000000f48b900000) (1024K)]
  0x000002980aae9c40 JavaThread "JNA Cleaner"                daemon [_thread_blocked, id=22424, stack(0x000000f48bb00000,0x000000f48bc00000) (1024K)]
  0x000002980a5cd480 JavaThread "Worker-0"                          [_thread_blocked, id=13840, stack(0x000000f48bc00000,0x000000f48bd00000) (1024K)]
  0x000002980a5ccdf0 JavaThread "Worker-1"                          [_thread_blocked, id=1344, stack(0x000000f48bd00000,0x000000f48be00000) (1024K)]
  0x000002980a5cc0d0 JavaThread "Java indexing"              daemon [_thread_blocked, id=28644, stack(0x000000f48bf00000,0x000000f48c000000) (1024K)]
  0x000002980a5cc760 JavaThread "Worker-2: Initialize After Load"        [_thread_in_Java, id=2856, stack(0x000000f48c000000,0x000000f48c100000) (1024K)]
  0x000002980ce1faa0 JavaThread "C2 CompilerThread1"         daemon [_thread_in_native, id=16312, stack(0x000000f48be00000,0x000000f48bf00000) (1024K)]
  0x000002980a5ceec0 JavaThread "Thread-1"                   daemon [_thread_in_native, id=22972, stack(0x000000f48c300000,0x000000f48c400000) (1024K)]
  0x000002980c33c4c0 JavaThread "Thread-2"                   daemon [_thread_in_native, id=24656, stack(0x000000f48c400000,0x000000f48c500000) (1024K)]
  0x000002980c341380 JavaThread "Thread-3"                   daemon [_thread_in_native, id=21428, stack(0x000000f48c500000,0x000000f48c600000) (1024K)]
  0x000002980c3420a0 JavaThread "Thread-4"                   daemon [_thread_in_native, id=19764, stack(0x000000f48c600000,0x000000f48c700000) (1024K)]
  0x000002980c33cb50 JavaThread "Thread-5"                   daemon [_thread_in_native, id=27352, stack(0x000000f48c700000,0x000000f48c800000) (1024K)]
  0x000002980c341a10 JavaThread "Thread-6"                   daemon [_thread_in_native, id=21220, stack(0x000000f48c800000,0x000000f48c900000) (1024K)]
  0x000002980c33f2b0 JavaThread "Thread-7"                   daemon [_thread_in_native, id=22356, stack(0x000000f48c900000,0x000000f48ca00000) (1024K)]
  0x000002980c33b7a0 JavaThread "pool-2-thread-1"                   [_thread_blocked, id=24408, stack(0x000000f48ca00000,0x000000f48cb00000) (1024K)]
  0x000002980c33f940 JavaThread "Worker-3"                          [_thread_blocked, id=11664, stack(0x000000f48cb00000,0x000000f48cc00000) (1024K)]
  0x000002980c33d870 JavaThread "Worker-4"                          [_thread_blocked, id=26440, stack(0x000000f48cc00000,0x000000f48cd00000) (1024K)]
  0x000002980c33b110 JavaThread "Worker-5"                          [_thread_blocked, id=19980, stack(0x000000f48cd00000,0x000000f48ce00000) (1024K)]
  0x000002980c33ffd0 JavaThread "WorkspaceEventsHandler"            [_thread_blocked, id=14684, stack(0x000000f48ce00000,0x000000f48cf00000) (1024K)]
  0x000002980c33d1e0 JavaThread "pool-1-thread-1"                   [_thread_blocked, id=26644, stack(0x000000f48cf00000,0x000000f48d000000) (1024K)]
Total: 37

Other Threads:
  0x00000297acf6f970 VMThread "VM Thread"                           [id=20140, stack(0x000000f48a400000,0x000000f48a500000) (1024K)]
  0x00000297acf1c770 WatcherThread "VM Periodic Task Thread"        [id=14128, stack(0x000000f48a300000,0x000000f48a400000) (1024K)]
  0x00000297acece510 WorkerThread "GC Thread#0"                     [id=28544, stack(0x000000f48a200000,0x000000f48a300000) (1024K)]
  0x000002980a558330 WorkerThread "GC Thread#1"                     [id=22324, stack(0x000000f48b000000,0x000000f48b100000) (1024K)]
  0x000002980a636ef0 WorkerThread "GC Thread#2"                     [id=19756, stack(0x000000f48b100000,0x000000f48b200000) (1024K)]
  0x000002980a4c6fd0 WorkerThread "GC Thread#3"                     [id=14864, stack(0x000000f48b200000,0x000000f48b300000) (1024K)]
  0x000002980a4b4760 WorkerThread "GC Thread#4"                     [id=18100, stack(0x000000f48b300000,0x000000f48b400000) (1024K)]
  0x000002980a4b4b00 WorkerThread "GC Thread#5"                     [id=26188, stack(0x000000f48b400000,0x000000f48b500000) (1024K)]
Total: 8

Threads with active compile tasks:
C2 CompilerThread0  6295 5914   !   4       org.eclipse.osgi.internal.loader.BundleLoader::findClass0 (490 bytes)
C2 CompilerThread1  6295 6012   !   4       org.eclipse.osgi.internal.loader.classpath.ClasspathManager::findLocalClass (210 bytes)
Total: 2

VM state: not at safepoint (normal execution)

VM Mutex/Monitor currently owned by a thread: None

Heap address: 0x0000000080000000, size: 2048 MB, Compressed Oops mode: 32-bit

CDS archive(s) mapped at: [0x00000297c4000000-0x00000297c4ba0000-0x00000297c4ba0000), size 12189696, SharedBaseAddress: 0x00000297c4000000, ArchiveRelocationMode: 1.
Compressed class space mapped at: 0x00000297c5000000-0x0000029805000000, reserved size: 1073741824
Narrow klass base: 0x00000297c4000000, Narrow klass shift: 0, Narrow klass range: 0x100000000

GC Precious Log:
 CardTable entry size: 512
 CPUs: 6 total, 6 available
 Memory: 16332M
 Large Page Support: Disabled
 NUMA Support: Disabled
 Compressed Oops: Enabled (32-bit)
 Alignments: Space 512K, Generation 512K, Heap 2M
 Heap Min Capacity: 100M
 Heap Initial Capacity: 100M
 Heap Max Capacity: 2G
 Pre-touch: Disabled
 Parallel Workers: 6

Heap:
 PSYoungGen      total 23552K, used 8200K [0x00000000d5580000, 0x00000000d6f00000, 0x0000000100000000)
  eden space 22016K, 30% used [0x00000000d5580000,0x00000000d5c0a378,0x00000000d6b00000)
  from space 1536K, 97% used [0x00000000d6c00000,0x00000000d6d78000,0x00000000d6d80000)
  to   space 1536K, 0% used [0x00000000d6d80000,0x00000000d6d80000,0x00000000d6f00000)
 ParOldGen       total 68608K, used 22424K [0x0000000080000000, 0x0000000084300000, 0x00000000d5580000)
  object space 68608K, 32% used [0x0000000080000000,0x00000000815e63a8,0x0000000084300000)
 Metaspace       used 44066K, committed 45248K, reserved 1114112K
  class space    used 4812K, committed 5312K, reserved 1048576K

Card table byte_map: [0x00000297ac860000,0x00000297acc70000] _byte_map_base: 0x00000297ac460000

Marking Bits: (ParMarkBitMap*) 0x00007ffedc0f2460
 Begin Bits: [0x00000297bf370000, 0x00000297c1370000)
 End Bits:   [0x00000297c1370000, 0x00000297c3370000)

Polling page: 0x00000297aae60000

Metaspace:

Usage:
  Non-class:     38.33 MB used.
      Class:      4.70 MB used.
       Both:     43.03 MB used.

Virtual space:
  Non-class space:       64.00 MB reserved,      39.00 MB ( 61%) committed,  1 nodes.
      Class space:        1.00 GB reserved,       5.19 MB ( <1%) committed,  1 nodes.
             Both:        1.06 GB reserved,      44.19 MB (  4%) committed. 

Chunk freelists:
   Non-Class:  8.14 MB
       Class:  10.70 MB
        Both:  18.84 MB

MaxMetaspaceSize: unlimited
CompressedClassSpaceSize: 1.00 GB
Initial GC threshold: 21.00 MB
Current GC threshold: 58.38 MB
CDS: on
 - commit_granule_bytes: 65536.
 - commit_granule_words: 8192.
 - virtual_space_node_default_size: 8388608.
 - enlarge_chunks_in_place: 1.
 - use_allocation_guard: 0.


Internal statistics:

num_allocs_failed_limit: 6.
num_arena_births: 788.
num_arena_deaths: 14.
num_vsnodes_births: 2.
num_vsnodes_deaths: 0.
num_space_committed: 707.
num_space_uncommitted: 0.
num_chunks_returned_to_freelist: 20.
num_chunks_taken_from_freelist: 2696.
num_chunk_merges: 11.
num_chunk_splits: 1712.
num_chunks_enlarged: 1011.
num_inconsistent_stats: 0.

CodeHeap 'non-profiled nmethods': size=120000Kb used=2458Kb max_used=2458Kb free=117541Kb
 bounds [0x00000297b7b90000, 0x00000297b7e00000, 0x00000297bf0c0000]
CodeHeap 'profiled nmethods': size=120000Kb used=11176Kb max_used=11176Kb free=108823Kb
 bounds [0x00000297b00c0000, 0x00000297b0bb0000, 0x00000297b75f0000]
CodeHeap 'non-nmethods': size=5760Kb used=1366Kb max_used=1439Kb free=4393Kb
 bounds [0x00000297b75f0000, 0x00000297b7860000, 0x00000297b7b90000]
CodeCache: size=245760Kb, used=15000Kb, max_used=15073Kb, free=230757Kb
 total_blobs=6187, nmethods=5523, adapters=570, full_count=0
Compilation: enabled, stopped_count=0, restarted_count=0

Compilation events (20 events):
Event: 6.247 Thread 0x00000297ace489d0 nmethod 6021 0x00000297b0b79d90 code [0x00000297b0b7a0c0, 0x00000297b0b7afc0]
Event: 6.248 Thread 0x00000297ace489d0 6023       3       java.util.Properties::loadConvert (540 bytes)
Event: 6.249 Thread 0x00000297ace489d0 nmethod 6023 0x00000297b0b7b490 code [0x00000297b0b7b780, 0x00000297b0b7ca28]
Event: 6.249 Thread 0x00000297ace489d0 6024   !   3       org.eclipse.osgi.storage.url.BundleResourceHandler::openConnection (153 bytes)
Event: 6.250 Thread 0x00000297ace489d0 nmethod 6024 0x00000297b0b7d090 code [0x00000297b0b7d420, 0x00000297b0b7e910]
Event: 6.250 Thread 0x00000297ace489d0 6025       3       org.eclipse.osgi.storage.url.BundleURLConnection::<init> (26 bytes)
Event: 6.250 Thread 0x00000297ace489d0 nmethod 6025 0x00000297b0b7f190 code [0x00000297b0b7f340, 0x00000297b0b7f4f0]
Event: 6.250 Thread 0x00000297ace489d0 6026       3       java.net.URL::openStream (8 bytes)
Event: 6.250 Thread 0x00000297ace489d0 nmethod 6026 0x00000297b0b7f590 code [0x00000297b0b7f760, 0x00000297b0b7fa60]
Event: 6.250 Thread 0x00000297ace489d0 6027       3       java.util.ImmutableCollections$Set12::<init> (20 bytes)
Event: 6.250 Thread 0x00000297ace489d0 nmethod 6027 0x00000297b0b7fb90 code [0x00000297b0b7fd60, 0x00000297b0b80168]
Event: 6.250 Thread 0x00000297ace489d0 6029       3       org.eclipse.jdt.core.JavaCore$$Lambda/0x00000297c52a4000::applyAsDouble (8 bytes)
Event: 6.251 Thread 0x00000297ace489d0 nmethod 6029 0x00000297b0b80310 code [0x00000297b0b80500, 0x00000297b0b80950]
Event: 6.251 Thread 0x00000297ace489d0 6030       3       jdk.internal.math.FloatingDecimal$ASCIIToBinaryBuffer::<init> (26 bytes)
Event: 6.251 Thread 0x00000297ace489d0 nmethod 6030 0x00000297b0b80b10 code [0x00000297b0b80cc0, 0x00000297b0b80e50]
Event: 6.251 Thread 0x00000297ace489d0 6031       3       jdk.internal.math.FloatingDecimal$ASCIIToBinaryBuffer::doubleValue (1194 bytes)
Event: 6.253 Thread 0x00000297ace489d0 nmethod 6031 0x00000297b0b80f10 code [0x00000297b0b81460, 0x00000297b0b835e8]
Event: 6.253 Thread 0x00000297ace489d0 6032       3       java.util.concurrent.ConcurrentHashMap::tableSizeFor (32 bytes)
Event: 6.253 Thread 0x00000297ace489d0 nmethod 6032 0x00000297b0b84390 code [0x00000297b0b84560, 0x00000297b0b84760]
Event: 6.254 Thread 0x00000297ace489d0 6033   !   3       jdk.internal.math.FloatingDecimal::readJavaFormatString (826 bytes)

GC Heap History (20 events):
Event: 4.097 GC heap before
{Heap before GC invocations=10 (full 1):
 PSYoungGen      total 25088K, used 24865K [0x00000000d5580000, 0x00000000d7380000, 0x0000000100000000)
  eden space 24064K, 100% used [0x00000000d5580000,0x00000000d6d00000,0x00000000d6d00000)
  from space 1024K, 78% used [0x00000000d7280000,0x00000000d7348400,0x00000000d7380000)
  to   space 2560K, 0% used [0x00000000d6e80000,0x00000000d6e80000,0x00000000d7100000)
 ParOldGen       total 68608K, used 13369K [0x0000000080000000, 0x0000000084300000, 0x00000000d5580000)
  object space 68608K, 19% used [0x0000000080000000,0x0000000080d0e570,0x0000000084300000)
 Metaspace       used 26399K, committed 27264K, reserved 1114112K
  class space    used 2598K, committed 2944K, reserved 1048576K
}
Event: 4.098 GC heap after
{Heap after GC invocations=10 (full 1):
 PSYoungGen      total 25600K, used 1906K [0x00000000d5580000, 0x00000000d7300000, 0x0000000100000000)
  eden space 23552K, 0% used [0x00000000d5580000,0x00000000d5580000,0x00000000d6c80000)
  from space 2048K, 93% used [0x00000000d6e80000,0x00000000d705ca58,0x00000000d7080000)
  to   space 2560K, 0% used [0x00000000d7080000,0x00000000d7080000,0x00000000d7300000)
 ParOldGen       total 68608K, used 14158K [0x0000000080000000, 0x0000000084300000, 0x00000000d5580000)
  object space 68608K, 20% used [0x0000000080000000,0x0000000080dd3a80,0x0000000084300000)
 Metaspace       used 26399K, committed 27264K, reserved 1114112K
  class space    used 2598K, committed 2944K, reserved 1048576K
}
Event: 4.936 GC heap before
{Heap before GC invocations=11 (full 1):
 PSYoungGen      total 25600K, used 25458K [0x00000000d5580000, 0x00000000d7300000, 0x0000000100000000)
  eden space 23552K, 100% used [0x00000000d5580000,0x00000000d6c80000,0x00000000d6c80000)
  from space 2048K, 93% used [0x00000000d6e80000,0x00000000d705ca58,0x00000000d7080000)
  to   space 2560K, 0% used [0x00000000d7080000,0x00000000d7080000,0x00000000d7300000)
 ParOldGen       total 68608K, used 14158K [0x0000000080000000, 0x0000000084300000, 0x00000000d5580000)
  object space 68608K, 20% used [0x0000000080000000,0x0000000080dd3a80,0x0000000084300000)
 Metaspace       used 28064K, committed 28928K, reserved 1114112K
  class space    used 2750K, committed 3136K, reserved 1048576K
}
Event: 4.937 GC heap after
{Heap after GC invocations=11 (full 1):
 PSYoungGen      total 25600K, used 2385K [0x00000000d5580000, 0x00000000d7300000, 0x0000000100000000)
  eden space 23040K, 0% used [0x00000000d5580000,0x00000000d5580000,0x00000000d6c00000)
  from space 2560K, 93% used [0x00000000d7080000,0x00000000d72d4748,0x00000000d7300000)
  to   space 2560K, 0% used [0x00000000d6e00000,0x00000000d6e00000,0x00000000d7080000)
 ParOldGen       total 68608K, used 14848K [0x0000000080000000, 0x0000000084300000, 0x00000000d5580000)
  object space 68608K, 21% used [0x0000000080000000,0x0000000080e80280,0x0000000084300000)
 Metaspace       used 28064K, committed 28928K, reserved 1114112K
  class space    used 2750K, committed 3136K, reserved 1048576K
}
Event: 5.066 GC heap before
{Heap before GC invocations=12 (full 1):
 PSYoungGen      total 25600K, used 25425K [0x00000000d5580000, 0x00000000d7300000, 0x0000000100000000)
  eden space 23040K, 100% used [0x00000000d5580000,0x00000000d6c00000,0x00000000d6c00000)
  from space 2560K, 93% used [0x00000000d7080000,0x00000000d72d4748,0x00000000d7300000)
  to   space 2560K, 0% used [0x00000000d6e00000,0x00000000d6e00000,0x00000000d7080000)
 ParOldGen       total 68608K, used 14848K [0x0000000080000000, 0x0000000084300000, 0x00000000d5580000)
  object space 68608K, 21% used [0x0000000080000000,0x0000000080e80280,0x0000000084300000)
 Metaspace       used 31487K, committed 32448K, reserved 1114112K
  class space    used 3183K, committed 3584K, reserved 1048576K
}
Event: 5.069 GC heap after
{Heap after GC invocations=12 (full 1):
 PSYoungGen      total 24064K, used 1037K [0x00000000d5580000, 0x00000000d7100000, 0x0000000100000000)
  eden space 22528K, 0% used [0x00000000d5580000,0x00000000d5580000,0x00000000d6b80000)
  from space 1536K, 67% used [0x00000000d6e00000,0x00000000d6f03460,0x00000000d6f80000)
  to   space 1536K, 0% used [0x00000000d6f80000,0x00000000d6f80000,0x00000000d7100000)
 ParOldGen       total 68608K, used 17112K [0x0000000080000000, 0x0000000084300000, 0x00000000d5580000)
  object space 68608K, 24% used [0x0000000080000000,0x00000000810b6268,0x0000000084300000)
 Metaspace       used 31487K, committed 32448K, reserved 1114112K
  class space    used 3183K, committed 3584K, reserved 1048576K
}
Event: 5.205 GC heap before
{Heap before GC invocations=13 (full 1):
 PSYoungGen      total 24064K, used 23565K [0x00000000d5580000, 0x00000000d7100000, 0x0000000100000000)
  eden space 22528K, 100% used [0x00000000d5580000,0x00000000d6b80000,0x00000000d6b80000)
  from space 1536K, 67% used [0x00000000d6e00000,0x00000000d6f03460,0x00000000d6f80000)
  to   space 1536K, 0% used [0x00000000d6f80000,0x00000000d6f80000,0x00000000d7100000)
 ParOldGen       total 68608K, used 17112K [0x0000000080000000, 0x0000000084300000, 0x00000000d5580000)
  object space 68608K, 24% used [0x0000000080000000,0x00000000810b6268,0x0000000084300000)
 Metaspace       used 33445K, committed 34560K, reserved 1114112K
  class space    used 3436K, committed 3904K, reserved 1048576K
}
Event: 5.207 GC heap after
{Heap after GC invocations=13 (full 1):
 PSYoungGen      total 23040K, used 945K [0x00000000d5580000, 0x00000000d7080000, 0x0000000100000000)
  eden space 22016K, 0% used [0x00000000d5580000,0x00000000d5580000,0x00000000d6b00000)
  from space 1024K, 92% used [0x00000000d6f80000,0x00000000d706c588,0x00000000d7080000)
  to   space 1536K, 0% used [0x00000000d6d80000,0x00000000d6d80000,0x00000000d6f00000)
 ParOldGen       total 68608K, used 17977K [0x0000000080000000, 0x0000000084300000, 0x00000000d5580000)
  object space 68608K, 26% used [0x0000000080000000,0x000000008118e4f8,0x0000000084300000)
 Metaspace       used 33445K, committed 34560K, reserved 1114112K
  class space    used 3436K, committed 3904K, reserved 1048576K
}
Event: 5.489 GC heap before
{Heap before GC invocations=14 (full 1):
 PSYoungGen      total 23040K, used 13300K [0x00000000d5580000, 0x00000000d7080000, 0x0000000100000000)
  eden space 22016K, 56% used [0x00000000d5580000,0x00000000d6190cc8,0x00000000d6b00000)
  from space 1024K, 92% used [0x00000000d6f80000,0x00000000d706c588,0x00000000d7080000)
  to   space 1536K, 0% used [0x00000000d6d80000,0x00000000d6d80000,0x00000000d6f00000)
 ParOldGen       total 68608K, used 17977K [0x0000000080000000, 0x0000000084300000, 0x00000000d5580000)
  object space 68608K, 26% used [0x0000000080000000,0x000000008118e4f8,0x0000000084300000)
 Metaspace       used 34730K, committed 35840K, reserved 1114112K
  class space    used 3596K, committed 4096K, reserved 1048576K
}
Event: 5.491 GC heap after
{Heap after GC invocations=14 (full 1):
 PSYoungGen      total 23552K, used 557K [0x00000000d5580000, 0x00000000d7000000, 0x0000000100000000)
  eden space 22016K, 0% used [0x00000000d5580000,0x00000000d5580000,0x00000000d6b00000)
  from space 1536K, 36% used [0x00000000d6d80000,0x00000000d6e0b500,0x00000000d6f00000)
  to   space 1024K, 0% used [0x00000000d6f00000,0x00000000d6f00000,0x00000000d7000000)
 ParOldGen       total 68608K, used 18685K [0x0000000080000000, 0x0000000084300000, 0x00000000d5580000)
  object space 68608K, 27% used [0x0000000080000000,0x000000008123f700,0x0000000084300000)
 Metaspace       used 34730K, committed 35840K, reserved 1114112K
  class space    used 3596K, committed 4096K, reserved 1048576K
}
Event: 5.491 GC heap before
{Heap before GC invocations=15 (full 2):
 PSYoungGen      total 23552K, used 557K [0x00000000d5580000, 0x00000000d7000000, 0x0000000100000000)
  eden space 22016K, 0% used [0x00000000d5580000,0x00000000d5580000,0x00000000d6b00000)
  from space 1536K, 36% used [0x00000000d6d80000,0x00000000d6e0b500,0x00000000d6f00000)
  to   space 1024K, 0% used [0x00000000d6f00000,0x00000000d6f00000,0x00000000d7000000)
 ParOldGen       total 68608K, used 18685K [0x0000000080000000, 0x0000000084300000, 0x00000000d5580000)
  object space 68608K, 27% used [0x0000000080000000,0x000000008123f700,0x0000000084300000)
 Metaspace       used 34730K, committed 35840K, reserved 1114112K
  class space    used 3596K, committed 4096K, reserved 1048576K
}
Event: 5.514 GC heap after
{Heap after GC invocations=15 (full 2):
 PSYoungGen      total 23552K, used 0K [0x00000000d5580000, 0x00000000d7000000, 0x0000000100000000)
  eden space 22016K, 0% used [0x00000000d5580000,0x00000000d5580000,0x00000000d6b00000)
  from space 1536K, 0% used [0x00000000d6d80000,0x00000000d6d80000,0x00000000d6f00000)
  to   space 1024K, 0% used [0x00000000d6f00000,0x00000000d6f00000,0x00000000d7000000)
 ParOldGen       total 68608K, used 18418K [0x0000000080000000, 0x0000000084300000, 0x00000000d5580000)
  object space 68608K, 26% used [0x0000000080000000,0x00000000811fc890,0x0000000084300000)
 Metaspace       used 34730K, committed 35840K, reserved 1114112K
  class space    used 3596K, committed 4096K, reserved 1048576K
}
Event: 5.621 GC heap before
{Heap before GC invocations=16 (full 2):
 PSYoungGen      total 23552K, used 22016K [0x00000000d5580000, 0x00000000d7000000, 0x0000000100000000)
  eden space 22016K, 100% used [0x00000000d5580000,0x00000000d6b00000,0x00000000d6b00000)
  from space 1536K, 0% used [0x00000000d6d80000,0x00000000d6d80000,0x00000000d6f00000)
  to   space 1024K, 0% used [0x00000000d6f00000,0x00000000d6f00000,0x00000000d7000000)
 ParOldGen       total 68608K, used 18418K [0x0000000080000000, 0x0000000084300000, 0x00000000d5580000)
  object space 68608K, 26% used [0x0000000080000000,0x00000000811fc890,0x0000000084300000)
 Metaspace       used 36699K, committed 37888K, reserved 1114112K
  class space    used 3874K, committed 4352K, reserved 1048576K
}
Event: 5.622 GC heap after
{Heap after GC invocations=16 (full 2):
 PSYoungGen      total 23040K, used 992K [0x00000000d5580000, 0x00000000d7000000, 0x0000000100000000)
  eden space 22016K, 0% used [0x00000000d5580000,0x00000000d5580000,0x00000000d6b00000)
  from space 1024K, 96% used [0x00000000d6f00000,0x00000000d6ff81d0,0x00000000d7000000)
  to   space 1536K, 0% used [0x00000000d6d00000,0x00000000d6d00000,0x00000000d6e80000)
 ParOldGen       total 68608K, used 18767K [0x0000000080000000, 0x0000000084300000, 0x00000000d5580000)
  object space 68608K, 27% used [0x0000000080000000,0x0000000081253de0,0x0000000084300000)
 Metaspace       used 36699K, committed 37888K, reserved 1114112K
  class space    used 3874K, committed 4352K, reserved 1048576K
}
Event: 5.704 GC heap before
{Heap before GC invocations=17 (full 2):
 PSYoungGen      total 23040K, used 23008K [0x00000000d5580000, 0x00000000d7000000, 0x0000000100000000)
  eden space 22016K, 100% used [0x00000000d5580000,0x00000000d6b00000,0x00000000d6b00000)
  from space 1024K, 96% used [0x00000000d6f00000,0x00000000d6ff81d0,0x00000000d7000000)
  to   space 1536K, 0% used [0x00000000d6d00000,0x00000000d6d00000,0x00000000d6e80000)
 ParOldGen       total 68608K, used 18767K [0x0000000080000000, 0x0000000084300000, 0x00000000d5580000)
  object space 68608K, 27% used [0x0000000080000000,0x0000000081253de0,0x0000000084300000)
 Metaspace       used 38674K, committed 39872K, reserved 1114112K
  class space    used 4103K, committed 4608K, reserved 1048576K
}
Event: 5.706 GC heap after
{Heap after GC invocations=17 (full 2):
 PSYoungGen      total 23552K, used 1527K [0x00000000d5580000, 0x00000000d7200000, 0x0000000100000000)
  eden space 22016K, 0% used [0x00000000d5580000,0x00000000d5580000,0x00000000d6b00000)
  from space 1536K, 99% used [0x00000000d6d00000,0x00000000d6e7dcd8,0x00000000d6e80000)
  to   space 3584K, 0% used [0x00000000d6e80000,0x00000000d6e80000,0x00000000d7200000)
 ParOldGen       total 68608K, used 20244K [0x0000000080000000, 0x0000000084300000, 0x00000000d5580000)
  object space 68608K, 29% used [0x0000000080000000,0x00000000813c5398,0x0000000084300000)
 Metaspace       used 38674K, committed 39872K, reserved 1114112K
  class space    used 4103K, committed 4608K, reserved 1048576K
}
Event: 5.905 GC heap before
{Heap before GC invocations=18 (full 2):
 PSYoungGen      total 23552K, used 23543K [0x00000000d5580000, 0x00000000d7200000, 0x0000000100000000)
  eden space 22016K, 100% used [0x00000000d5580000,0x00000000d6b00000,0x00000000d6b00000)
  from space 1536K, 99% used [0x00000000d6d00000,0x00000000d6e7dcd8,0x00000000d6e80000)
  to   space 3584K, 0% used [0x00000000d6e80000,0x00000000d6e80000,0x00000000d7200000)
 ParOldGen       total 68608K, used 20244K [0x0000000080000000, 0x0000000084300000, 0x00000000d5580000)
  object space 68608K, 29% used [0x0000000080000000,0x00000000813c5398,0x0000000084300000)
 Metaspace       used 40853K, committed 42048K, reserved 1114112K
  class space    used 4388K, committed 4928K, reserved 1048576K
}
Event: 5.906 GC heap after
{Heap after GC invocations=18 (full 2):
 PSYoungGen      total 23552K, used 1120K [0x00000000d5580000, 0x00000000d7000000, 0x0000000100000000)
  eden space 22016K, 0% used [0x00000000d5580000,0x00000000d5580000,0x00000000d6b00000)
  from space 1536K, 72% used [0x00000000d6e80000,0x00000000d6f98000,0x00000000d7000000)
  to   space 2048K, 0% used [0x00000000d6c00000,0x00000000d6c00000,0x00000000d6e00000)
 ParOldGen       total 68608K, used 21468K [0x0000000080000000, 0x0000000084300000, 0x00000000d5580000)
  object space 68608K, 31% used [0x0000000080000000,0x00000000814f7398,0x0000000084300000)
 Metaspace       used 40853K, committed 42048K, reserved 1114112K
  class space    used 4388K, committed 4928K, reserved 1048576K
}
Event: 6.163 GC heap before
{Heap before GC invocations=19 (full 2):
 PSYoungGen      total 23552K, used 23136K [0x00000000d5580000, 0x00000000d7000000, 0x0000000100000000)
  eden space 22016K, 100% used [0x00000000d5580000,0x00000000d6b00000,0x00000000d6b00000)
  from space 1536K, 72% used [0x00000000d6e80000,0x00000000d6f98000,0x00000000d7000000)
  to   space 2048K, 0% used [0x00000000d6c00000,0x00000000d6c00000,0x00000000d6e00000)
 ParOldGen       total 68608K, used 21468K [0x0000000080000000, 0x0000000084300000, 0x00000000d5580000)
  object space 68608K, 31% used [0x0000000080000000,0x00000000814f7398,0x0000000084300000)
 Metaspace       used 43350K, committed 44544K, reserved 1114112K
  class space    used 4731K, committed 5248K, reserved 1048576K
}
Event: 6.165 GC heap after
{Heap after GC invocations=19 (full 2):
 PSYoungGen      total 23552K, used 1504K [0x00000000d5580000, 0x00000000d6f00000, 0x0000000100000000)
  eden space 22016K, 0% used [0x00000000d5580000,0x00000000d5580000,0x00000000d6b00000)
  from space 1536K, 97% used [0x00000000d6c00000,0x00000000d6d78000,0x00000000d6d80000)
  to   space 1536K, 0% used [0x00000000d6d80000,0x00000000d6d80000,0x00000000d6f00000)
 ParOldGen       total 68608K, used 22424K [0x0000000080000000, 0x0000000084300000, 0x00000000d5580000)
  object space 68608K, 32% used [0x0000000080000000,0x00000000815e63a8,0x0000000084300000)
 Metaspace       used 43350K, committed 44544K, reserved 1114112K
  class space    used 4731K, committed 5248K, reserved 1048576K
}

Dll operation events (10 events):
Event: 0.010 Loaded shared library c:\Users\Administrator\.vscode\extensions\redhat.java-1.52.0-win32-x64\jre\21.0.9-win32-x86_64\bin\java.dll
Event: 0.067 Loaded shared library c:\Users\Administrator\.vscode\extensions\redhat.java-1.52.0-win32-x64\jre\21.0.9-win32-x86_64\bin\zip.dll
Event: 0.172 Loaded shared library C:\Users\Administrator\.vscode\extensions\redhat.java-1.52.0-win32-x64\jre\21.0.9-win32-x86_64\bin\instrument.dll
Event: 0.176 Loaded shared library C:\Users\Administrator\.vscode\extensions\redhat.java-1.52.0-win32-x64\jre\21.0.9-win32-x86_64\bin\net.dll
Event: 0.178 Loaded shared library C:\Users\Administrator\.vscode\extensions\redhat.java-1.52.0-win32-x64\jre\21.0.9-win32-x86_64\bin\nio.dll
Event: 0.181 Loaded shared library C:\Users\Administrator\.vscode\extensions\redhat.java-1.52.0-win32-x64\jre\21.0.9-win32-x86_64\bin\zip.dll
Event: 0.196 Loaded shared library C:\Users\Administrator\.vscode\extensions\redhat.java-1.52.0-win32-x64\jre\21.0.9-win32-x86_64\bin\jimage.dll
Event: 0.321 Loaded shared library c:\Users\Administrator\.vscode\extensions\redhat.java-1.52.0-win32-x64\jre\21.0.9-win32-x86_64\bin\verify.dll
Event: 1.379 Loaded shared library C:\Users\Administrator\AppData\Roaming\Code\User\globalStorage\redhat.java\1.52.0\config_win\org.eclipse.equinox.launcher\org.eclipse.equinox.launcher.win32.win32.x86_64_1.2.1500.v20260121-1430\eclipse_11919.dll
Event: 3.006 Loaded shared library C:\Users\Administrator\AppData\Local\Temp\jna-146731693\jna7121396472356402882.dll

Deoptimization events (20 events):
Event: 6.245 Thread 0x000002980a5cc760 Uncommon trap: trap_request=0xffffffc6 fr.pc=0x00000297b7bfaaf4 relative=0x0000000000000914
Event: 6.245 Thread 0x000002980a5cc760 Uncommon trap: reason=bimorphic_or_optimized_type_check action=maybe_recompile pc=0x00000297b7bfaaf4 method=java.util.Comparator.lambda$thenComparing$36697e65$1(Ljava/util/Comparator;Ljava/lang/Object;Ljava/lang/Object;)I @ 3 c2
Event: 6.245 Thread 0x000002980a5cc760 DEOPT PACKING pc=0x00000297b7bfaaf4 sp=0x000000f48c0fea10
Event: 6.245 Thread 0x000002980a5cc760 DEOPT UNPACKING pc=0x00000297b7643aa2 sp=0x000000f48c0fe938 mode 2
Event: 6.245 Thread 0x000002980a5cc760 Uncommon trap: trap_request=0xffffffc6 fr.pc=0x00000297b7bfaaf4 relative=0x0000000000000914
Event: 6.245 Thread 0x000002980a5cc760 Uncommon trap: reason=bimorphic_or_optimized_type_check action=maybe_recompile pc=0x00000297b7bfaaf4 method=java.util.Comparator.lambda$thenComparing$36697e65$1(Ljava/util/Comparator;Ljava/lang/Object;Ljava/lang/Object;)I @ 3 c2
Event: 6.245 Thread 0x000002980a5cc760 DEOPT PACKING pc=0x00000297b7bfaaf4 sp=0x000000f48c0fea10
Event: 6.245 Thread 0x000002980a5cc760 DEOPT UNPACKING pc=0x00000297b7643aa2 sp=0x000000f48c0fe938 mode 2
Event: 6.245 Thread 0x000002980a5cc760 Uncommon trap: trap_request=0xffffffc6 fr.pc=0x00000297b7bfaaf4 relative=0x0000000000000914
Event: 6.245 Thread 0x000002980a5cc760 Uncommon trap: reason=bimorphic_or_optimized_type_check action=maybe_recompile pc=0x00000297b7bfaaf4 method=java.util.Comparator.lambda$thenComparing$36697e65$1(Ljava/util/Comparator;Ljava/lang/Object;Ljava/lang/Object;)I @ 3 c2
Event: 6.245 Thread 0x000002980a5cc760 DEOPT PACKING pc=0x00000297b7bfaaf4 sp=0x000000f48c0fea10
Event: 6.245 Thread 0x000002980a5cc760 DEOPT UNPACKING pc=0x00000297b7643aa2 sp=0x000000f48c0fe938 mode 2
Event: 6.250 Thread 0x000002980a5cc760 DEOPT PACKING pc=0x00000297b014d226 sp=0x000000f48c0fe7e0
Event: 6.250 Thread 0x000002980a5cc760 DEOPT UNPACKING pc=0x00000297b7644242 sp=0x000000f48c0fdcd0 mode 0
Event: 6.253 Thread 0x000002980a5cc760 DEOPT PACKING pc=0x00000297b014d226 sp=0x000000f48c0fe7e0
Event: 6.253 Thread 0x000002980a5cc760 DEOPT UNPACKING pc=0x00000297b7644242 sp=0x000000f48c0fdcd0 mode 0
Event: 6.253 Thread 0x000002980a5cc760 DEOPT PACKING pc=0x00000297b014d226 sp=0x000000f48c0fe7e0
Event: 6.253 Thread 0x000002980a5cc760 DEOPT UNPACKING pc=0x00000297b7644242 sp=0x000000f48c0fdcd0 mode 0
Event: 6.254 Thread 0x000002980a5cc760 DEOPT PACKING pc=0x00000297b014d226 sp=0x000000f48c0fe7e0
Event: 6.254 Thread 0x000002980a5cc760 DEOPT UNPACKING pc=0x00000297b7644242 sp=0x000000f48c0fdcd0 mode 0

Classes loaded (20 events):
Event: 5.716 Loading class java/util/concurrent/CompletionService
Event: 5.716 Loading class java/util/concurrent/CompletionService done
Event: 5.827 Loading class java/nio/channels/ServerSocketChannel
Event: 5.827 Loading class java/nio/channels/ServerSocketChannel done
Event: 5.854 Loading class sun/reflect/generics/repository/FieldRepository
Event: 5.854 Loading class sun/reflect/generics/repository/FieldRepository done
Event: 5.912 Loading class java/lang/ExceptionInInitializerError
Event: 5.912 Loading class java/lang/ExceptionInInitializerError done
Event: 5.912 Loading class sun/misc/Unsafe
Event: 5.912 Loading class sun/misc/Unsafe done
Event: 5.921 Loading class jdk/internal/org/objectweb/asm/ClassReader
Event: 5.921 Loading class jdk/internal/org/objectweb/asm/ClassReader done
Event: 6.082 Loading class java/lang/ProcessEnvironment$CheckedKeySet
Event: 6.082 Loading class java/lang/ProcessEnvironment$CheckedKeySet done
Event: 6.170 Loading class java/util/regex/Pattern$Pos
Event: 6.170 Loading class java/util/regex/Pattern$Pos done
Event: 6.181 Loading class sun/security/provider/MD5
Event: 6.181 Loading class sun/security/provider/MD5 done
Event: 6.181 Loading class sun/security/provider/ByteArrayAccess$LE
Event: 6.181 Loading class sun/security/provider/ByteArrayAccess$LE done

Classes unloaded (7 events):
Event: 3.747 Thread 0x00000297acf6f970 Unloading class 0x00000297c51a3400 'java/lang/invoke/LambdaForm$MH+0x00000297c51a3400'
Event: 3.747 Thread 0x00000297acf6f970 Unloading class 0x00000297c51a3000 'java/lang/invoke/LambdaForm$MH+0x00000297c51a3000'
Event: 3.747 Thread 0x00000297acf6f970 Unloading class 0x00000297c51a2c00 'java/lang/invoke/LambdaForm$MH+0x00000297c51a2c00'
Event: 3.747 Thread 0x00000297acf6f970 Unloading class 0x00000297c51a2800 'java/lang/invoke/LambdaForm$MH+0x00000297c51a2800'
Event: 3.747 Thread 0x00000297acf6f970 Unloading class 0x00000297c51a2400 'java/lang/invoke/LambdaForm$BMH+0x00000297c51a2400'
Event: 3.747 Thread 0x00000297acf6f970 Unloading class 0x00000297c51a2000 'java/lang/invoke/LambdaForm$DMH+0x00000297c51a2000'
Event: 3.747 Thread 0x00000297acf6f970 Unloading class 0x00000297c51a1000 'java/lang/invoke/LambdaForm$DMH+0x00000297c51a1000'

Classes redefined (0 events):
No events

Internal exceptions (20 events):
Event: 5.099 Thread 0x0000029805e616f0 Exception <a 'java/io/FileNotFoundException'{0x00000000d588fff8}> (0x00000000d588fff8) 
thrown [s\src\hotspot\share\prims\jni.cpp, line 520]
Event: 5.105 Thread 0x0000029805e616f0 Exception <a 'java/io/FileNotFoundException'{0x00000000d59e5438}> (0x00000000d59e5438) 
thrown [s\src\hotspot\share\prims\jni.cpp, line 520]
Event: 5.117 Thread 0x0000029805e616f0 Exception <a 'java/lang/UnsatisfiedLinkError'{0x00000000d5a17798}: 지정된 프로시저를 찾을 수 없습니다.
> (0x00000000d5a17798) 
thrown [s\src\hotspot\share\prims\jni.cpp, line 539]
Event: 5.156 Thread 0x000002980a5cd480 Exception <a 'java/lang/NoClassDefFoundError'{0x00000000d5dd0b40}: javax/enterprise/inject/Typed> (0x00000000d5dd0b40) 
thrown [s\src\hotspot\share\classfile\systemDictionary.cpp, line 301]
Event: 5.203 Thread 0x00000297aac95500 Exception <a 'java/lang/NoSuchMethodError'{0x00000000d6abd810}: 'java.lang.Object java.lang.invoke.DirectMethodHandle$Holder.invokeStatic(java.lang.Object, long, java.lang.Object)'> (0x00000000d6abd810) 
thrown [s\src\hotspot\share\interpreter\linkResolver.cpp, line 773]
Event: 5.203 Thread 0x00000297aac95500 Exception <a 'java/lang/NoSuchMethodError'{0x00000000d6adc2e8}: 'java.lang.Object java.lang.invoke.DirectMethodHandle$Holder.invokeStaticInit(java.lang.Object, long, java.lang.Object)'> (0x00000000d6adc2e8) 
thrown [s\src\hotspot\share\interpreter\linkResolver.cpp, line 773]
Event: 5.204 Thread 0x00000297aac95500 Exception <a 'java/lang/NoSuchMethodError'{0x00000000d6ae1e38}: 'java.lang.Object java.lang.invoke.DirectMethodHandle$Holder.newInvokeSpecial(java.lang.Object, long)'> (0x00000000d6ae1e38) 
thrown [s\src\hotspot\share\interpreter\linkResolver.cpp, line 773]
Event: 5.557 Thread 0x000002980c33f940 Exception <a 'java/lang/NoSuchMethodError'{0x00000000d6370710}: 'void java.lang.invoke.DirectMethodHandle$Holder.invokeStaticInit(java.lang.Object, java.lang.Object, java.lang.Object, java.lang.Object)'> (0x00000000d6370710) 
thrown [s\src\hotspot\share\interpreter\linkResolver.cpp, line 773]
Event: 5.571 Thread 0x000002980a5cc760 Exception <a 'java/io/FileNotFoundException'{0x00000000d6a15660}> (0x00000000d6a15660) 
thrown [s\src\hotspot\share\prims\jni.cpp, line 520]
Event: 5.651 Thread 0x00000297aac95500 Exception <a 'java/lang/NoSuchMethodError'{0x00000000d5dfd588}: 'void java.lang.invoke.DirectMethodHandle$Holder.invokeSpecial(java.lang.Object, java.lang.Object, java.lang.Object, java.lang.Object, java.lang.Object, java.lang.Object)'> (0x00000000d5dfd588) 
thrown [s\src\hotspot\share\interpreter\linkResolver.cpp, line 773]
Event: 5.652 Thread 0x00000297aac95500 Exception <a 'java/lang/IncompatibleClassChangeError'{0x00000000d5e056c8}: Found class java.lang.Object, but interface was expected> (0x00000000d5e056c8) 
thrown [s\src\hotspot\share\interpreter\linkResolver.cpp, line 840]
Event: 5.652 Thread 0x00000297aac95500 Exception <a 'java/lang/IncompatibleClassChangeError'{0x00000000d5e07410}: Found class java.lang.Object, but interface was expected> (0x00000000d5e07410) 
thrown [s\src\hotspot\share\interpreter\linkResolver.cpp, line 840]
Event: 5.910 Thread 0x000002980a5cd480 Exception <a 'java/lang/NoSuchMethodError'{0x00000000d562ad58}: 'void java.lang.invoke.DirectMethodHandle$Holder.invokeStaticInit(java.lang.Object, java.lang.Object, java.lang.Object)'> (0x00000000d562ad58) 
thrown [s\src\hotspot\share\interpreter\linkResolver.cpp, line 773]
Event: 5.913 Thread 0x000002980a5cd480 Exception <a 'java/lang/ExceptionInInitializerError'{0x00000000d566da80}> (0x00000000d566da80) 
thrown [s\src\hotspot\share\oops\instanceKlass.cpp, line 1220]
Event: 5.919 Thread 0x000002980a5cd480 Exception <a 'java/lang/NoSuchMethodError'{0x00000000d56f1380}: 'long java.lang.invoke.DirectMethodHandle$Holder.invokeStatic(java.lang.Object, java.lang.Object, int)'> (0x00000000d56f1380) 
thrown [s\src\hotspot\share\interpreter\linkResolver.cpp, line 773]
Event: 5.922 Thread 0x000002980a5cd480 Implicit null exception at 0x00000297b7cc5b00 to 0x00000297b7cc5d84
Event: 5.922 Thread 0x000002980a5cd480 Implicit null exception at 0x00000297b7c40120 to 0x00000297b7c41090
Event: 5.923 Thread 0x000002980a5cd480 Exception <a 'java/lang/NoSuchMethodError'{0x00000000d57315a8}: 'java.lang.Object java.lang.invoke.Invokers$Holder.invokeExact_MT(java.lang.Object, int, java.lang.Object)'> (0x00000000d57315a8) 
thrown [s\src\hotspot\share\interpreter\linkResolver.cpp, line 773]
Event: 6.073 Thread 0x000002980a5cd480 Exception <a 'java/lang/NoClassDefFoundError'{0x00000000d639d538}: com/google/inject/servlet/ServletModuleTargetVisitor> (0x00000000d639d538) 
thrown [s\src\hotspot\share\classfile\systemDictionary.cpp, line 301]
Event: 6.181 Thread 0x000002980a5ccdf0 Implicit null exception at 0x00000297b7ce55a2 to 0x00000297b7ce5808

ZGC Phase Switch (0 events):
No events

VM Operations (20 events):
Event: 5.205 Executing VM operation: ParallelGCFailedAllocation (Allocation Failure)
Event: 5.207 Executing VM operation: ParallelGCFailedAllocation (Allocation Failure) done
Event: 5.271 Executing VM operation: CollectForMetadataAllocation (Metadata GC Threshold)
Event: 5.514 Executing VM operation: CollectForMetadataAllocation (Metadata GC Threshold) done
Event: 5.574 Executing VM operation: ParallelGCFailedAllocation (Allocation Failure)
Event: 5.622 Executing VM operation: ParallelGCFailedAllocation (Allocation Failure) done
Event: 5.653 Executing VM operation: HandshakeAllThreads (Deoptimize)
Event: 5.667 Executing VM operation: HandshakeAllThreads (Deoptimize) done
Event: 5.704 Executing VM operation: ParallelGCFailedAllocation (Allocation Failure)
Event: 5.706 Executing VM operation: ParallelGCFailedAllocation (Allocation Failure) done
Event: 5.773 Executing VM operation: HandshakeAllThreads (Deoptimize)
Event: 5.809 Executing VM operation: HandshakeAllThreads (Deoptimize) done
Event: 5.905 Executing VM operation: ParallelGCFailedAllocation (Allocation Failure)
Event: 5.906 Executing VM operation: ParallelGCFailedAllocation (Allocation Failure) done
Event: 5.943 Executing VM operation: HandshakeAllThreads (Deoptimize)
Event: 5.943 Executing VM operation: HandshakeAllThreads (Deoptimize) done
Event: 6.088 Executing VM operation: ICBufferFull
Event: 6.088 Executing VM operation: ICBufferFull done
Event: 6.163 Executing VM operation: ParallelGCFailedAllocation (Allocation Failure)
Event: 6.165 Executing VM operation: ParallelGCFailedAllocation (Allocation Failure) done

Memory protections (0 events):
No events

Nmethod flushes (20 events):
Event: 5.502 Thread 0x00000297acf6f970 flushing  nmethod 0x00000297b0700290
Event: 5.502 Thread 0x00000297acf6f970 flushing  nmethod 0x00000297b0700b90
Event: 5.502 Thread 0x00000297acf6f970 flushing  nmethod 0x00000297b0701d90
Event: 5.502 Thread 0x00000297acf6f970 flushing  nmethod 0x00000297b0702590
Event: 5.502 Thread 0x00000297acf6f970 flushing  nmethod 0x00000297b0702d10
Event: 5.502 Thread 0x00000297acf6f970 flushing  nmethod 0x00000297b0703a90
Event: 5.502 Thread 0x00000297acf6f970 flushing  nmethod 0x00000297b0704f90
Event: 5.502 Thread 0x00000297acf6f970 flushing  nmethod 0x00000297b0707090
Event: 5.502 Thread 0x00000297acf6f970 flushing  nmethod 0x00000297b0707510
Event: 5.502 Thread 0x00000297acf6f970 flushing  nmethod 0x00000297b0707a10
Event: 5.502 Thread 0x00000297acf6f970 flushing  nmethod 0x00000297b0708210
Event: 5.502 Thread 0x00000297acf6f970 flushing  nmethod 0x00000297b0709f10
Event: 5.502 Thread 0x00000297acf6f970 flushing  nmethod 0x00000297b070a210
Event: 5.502 Thread 0x00000297acf6f970 flushing  nmethod 0x00000297b0713210
Event: 5.502 Thread 0x00000297acf6f970 flushing  nmethod 0x00000297b071b890
Event: 5.502 Thread 0x00000297acf6f970 flushing  nmethod 0x00000297b074b410
Event: 5.502 Thread 0x00000297acf6f970 flushing  nmethod 0x00000297b074f490
Event: 5.502 Thread 0x00000297acf6f970 flushing  nmethod 0x00000297b0755590
Event: 5.502 Thread 0x00000297acf6f970 flushing  nmethod 0x00000297b07ace90
Event: 5.502 Thread 0x00000297acf6f970 flushing  nmethod 0x00000297b07c6690

Events (20 events):
Event: 3.044 Thread 0x0000029805e616f0 Thread added: 0x000002980a5cd480
Event: 3.088 Thread 0x0000029805e616f0 Thread added: 0x000002980a5ccdf0
Event: 3.148 Thread 0x00000297ace489d0 Thread added: 0x000002980b03ed30
Event: 4.241 Thread 0x0000029805e616f0 Thread added: 0x000002980a5cc0d0
Event: 4.709 Thread 0x000002980b03ed30 Thread exited: 0x000002980b03ed30
Event: 4.719 Thread 0x000002980a5ccdf0 Thread added: 0x000002980a5cc760
Event: 4.960 Thread 0x00000297ace489d0 Thread added: 0x000002980ce1faa0
Event: 5.210 Thread 0x00000297aac95500 Thread added: 0x000002980a5ceec0
Event: 5.210 Thread 0x00000297aac95500 Thread added: 0x000002980c33c4c0
Event: 5.210 Thread 0x00000297aac95500 Thread added: 0x000002980c341380
Event: 5.210 Thread 0x00000297aac95500 Thread added: 0x000002980c3420a0
Event: 5.210 Thread 0x00000297aac95500 Thread added: 0x000002980c33cb50
Event: 5.210 Thread 0x00000297aac95500 Thread added: 0x000002980c341a10
Event: 5.210 Thread 0x00000297aac95500 Thread added: 0x000002980c33f2b0
Event: 5.233 Thread 0x00000297aac95500 Thread added: 0x000002980c33b7a0
Event: 5.268 Thread 0x000002980a5cc760 Thread added: 0x000002980c33f940
Event: 5.522 Thread 0x000002980c33f940 Thread added: 0x000002980c33d870
Event: 5.623 Thread 0x000002980c33d870 Thread added: 0x000002980c33b110
Event: 5.665 Thread 0x00000297aac95500 Thread added: 0x000002980c33ffd0
Event: 5.665 Thread 0x00000297aac95500 Thread added: 0x000002980c33d1e0


Dynamic libraries:
0x00007ff7ed4a0000 - 0x00007ff7ed4ae000 	c:\Users\Administrator\.vscode\extensions\redhat.java-1.52.0-win32-x64\jre\21.0.9-win32-x86_64\bin\java.exe
0x00007fff65d50000 - 0x00007fff65f48000 	C:\Windows\SYSTEM32\ntdll.dll
0x00007fff65080000 - 0x00007fff65142000 	C:\Windows\System32\KERNEL32.DLL
0x00007fff63610000 - 0x00007fff63906000 	C:\Windows\System32\KERNELBASE.dll
0x00007fff63490000 - 0x00007fff63590000 	C:\Windows\System32\ucrtbase.dll
0x00007fff40d80000 - 0x00007fff40d98000 	c:\Users\Administrator\.vscode\extensions\redhat.java-1.52.0-win32-x64\jre\21.0.9-win32-x86_64\bin\jli.dll
0x00007fff64cf0000 - 0x00007fff64e91000 	C:\Windows\System32\USER32.dll
0x00007fff63a60000 - 0x00007fff63a82000 	C:\Windows\System32\win32u.dll
0x00007fff64ea0000 - 0x00007fff64ecb000 	C:\Windows\System32\GDI32.dll
0x00007fff63940000 - 0x00007fff63a59000 	C:\Windows\System32\gdi32full.dll
0x00007fff63cd0000 - 0x00007fff63d6d000 	C:\Windows\System32\msvcp_win.dll
0x00007fff3e1d0000 - 0x00007fff3e1ee000 	c:\Users\Administrator\.vscode\extensions\redhat.java-1.52.0-win32-x64\jre\21.0.9-win32-x86_64\bin\VCRUNTIME140.dll
0x00007fff4f650000 - 0x00007fff4f8eb000 	C:\Windows\WinSxS\amd64_microsoft.windows.common-controls_6595b64144ccf1df_6.0.19041.6456_none_60b8a6cb71f64256\COMCTL32.dll
0x00007fff647e0000 - 0x00007fff6487e000 	C:\Windows\System32\msvcrt.dll
0x00007fff64880000 - 0x00007fff648af000 	C:\Windows\System32\IMM32.DLL
0x00007fff4dce0000 - 0x00007fff4dcec000 	c:\Users\Administrator\.vscode\extensions\redhat.java-1.52.0-win32-x64\jre\21.0.9-win32-x86_64\bin\vcruntime140_1.dll
0x00007fff17840000 - 0x00007fff178cd000 	c:\Users\Administrator\.vscode\extensions\redhat.java-1.52.0-win32-x64\jre\21.0.9-win32-x86_64\bin\msvcp140.dll
0x00007ffedb430000 - 0x00007ffedc1d0000 	c:\Users\Administrator\.vscode\extensions\redhat.java-1.52.0-win32-x64\jre\21.0.9-win32-x86_64\bin\server\jvm.dll
0x00007fff64a10000 - 0x00007fff64ac1000 	C:\Windows\System32\ADVAPI32.dll
0x00007fff64bf0000 - 0x00007fff64c8f000 	C:\Windows\System32\sechost.dll
0x00007fff65b90000 - 0x00007fff65cb0000 	C:\Windows\System32\RPCRT4.dll
0x00007fff63910000 - 0x00007fff63937000 	C:\Windows\System32\bcrypt.dll
0x00007fff65b20000 - 0x00007fff65b8b000 	C:\Windows\System32\WS2_32.dll
0x00007fff63240000 - 0x00007fff6328b000 	C:\Windows\SYSTEM32\POWRPROF.dll
0x00007fff59780000 - 0x00007fff597a7000 	C:\Windows\SYSTEM32\WINMM.dll
0x00007fff5d5a0000 - 0x00007fff5d5aa000 	C:\Windows\SYSTEM32\VERSION.dll
0x00007fff63220000 - 0x00007fff63232000 	C:\Windows\SYSTEM32\UMPDC.dll
0x00007fff61240000 - 0x00007fff61252000 	C:\Windows\SYSTEM32\kernel.appcore.dll
0x00007fff4bc80000 - 0x00007fff4bc8a000 	c:\Users\Administrator\.vscode\extensions\redhat.java-1.52.0-win32-x64\jre\21.0.9-win32-x86_64\bin\jimage.dll
0x00007fff58af0000 - 0x00007fff58cf1000 	C:\Windows\SYSTEM32\DBGHELP.DLL
0x00007fff4a2a0000 - 0x00007fff4a2d4000 	C:\Windows\SYSTEM32\dbgcore.DLL
0x00007fff63bf0000 - 0x00007fff63c72000 	C:\Windows\System32\bcryptPrimitives.dll
0x00007fff4aba0000 - 0x00007fff4abaf000 	c:\Users\Administrator\.vscode\extensions\redhat.java-1.52.0-win32-x64\jre\21.0.9-win32-x86_64\bin\instrument.dll
0x00007fff3d5a0000 - 0x00007fff3d5c0000 	c:\Users\Administrator\.vscode\extensions\redhat.java-1.52.0-win32-x64\jre\21.0.9-win32-x86_64\bin\java.dll
0x00007fff65290000 - 0x00007fff65a00000 	C:\Windows\System32\SHELL32.dll
0x00007fff61440000 - 0x00007fff61be5000 	C:\Windows\SYSTEM32\windows.storage.dll
0x00007fff64340000 - 0x00007fff64694000 	C:\Windows\System32\combase.dll
0x00007fff62d30000 - 0x00007fff62d5b000 	C:\Windows\SYSTEM32\Wldp.dll
0x00007fff648b0000 - 0x00007fff6497d000 	C:\Windows\System32\OLEAUT32.dll
0x00007fff64ad0000 - 0x00007fff64b7d000 	C:\Windows\System32\SHCORE.dll
0x00007fff64c90000 - 0x00007fff64ceb000 	C:\Windows\System32\shlwapi.dll
0x00007fff63310000 - 0x00007fff63334000 	C:\Windows\SYSTEM32\profapi.dll
0x00007fff3d530000 - 0x00007fff3d548000 	c:\Users\Administrator\.vscode\extensions\redhat.java-1.52.0-win32-x64\jre\21.0.9-win32-x86_64\bin\zip.dll
0x00007fff4ab70000 - 0x00007fff4ab80000 	C:\Users\Administrator\.vscode\extensions\redhat.java-1.52.0-win32-x64\jre\21.0.9-win32-x86_64\bin\net.dll
0x00007fff5e430000 - 0x00007fff5e53a000 	C:\Windows\SYSTEM32\WINHTTP.dll
0x00007fff62a90000 - 0x00007fff62afa000 	C:\Windows\system32\mswsock.dll
0x00007fff3d510000 - 0x00007fff3d526000 	C:\Users\Administrator\.vscode\extensions\redhat.java-1.52.0-win32-x64\jre\21.0.9-win32-x86_64\bin\nio.dll
0x00007fff4a1e0000 - 0x00007fff4a1f0000 	c:\Users\Administrator\.vscode\extensions\redhat.java-1.52.0-win32-x64\jre\21.0.9-win32-x86_64\bin\verify.dll
0x00007fff180d0000 - 0x00007fff18115000 	C:\Users\Administrator\AppData\Roaming\Code\User\globalStorage\redhat.java\1.52.0\config_win\org.eclipse.equinox.launcher\org.eclipse.equinox.launcher.win32.win32.x86_64_1.2.1500.v20260121-1430\eclipse_11919.dll
0x00007fff63d70000 - 0x00007fff63e9b000 	C:\Windows\System32\ole32.dll
0x00007fff62c90000 - 0x00007fff62ca8000 	C:\Windows\SYSTEM32\CRYPTSP.dll
0x00007fff623b0000 - 0x00007fff623e8000 	C:\Windows\system32\rsaenh.dll
0x00007fff63290000 - 0x00007fff632be000 	C:\Windows\SYSTEM32\USERENV.dll
0x00007fff62c80000 - 0x00007fff62c8c000 	C:\Windows\SYSTEM32\CRYPTBASE.dll
0x00007fff62770000 - 0x00007fff627ab000 	C:\Windows\SYSTEM32\IPHLPAPI.DLL
0x00007fff64be0000 - 0x00007fff64be8000 	C:\Windows\System32\NSI.dll
0x00007fff18300000 - 0x00007fff18349000 	C:\Users\Administrator\AppData\Local\Temp\jna-146731693\jna7121396472356402882.dll
0x00007fff64330000 - 0x00007fff64338000 	C:\Windows\System32\PSAPI.DLL
0x00007fff5d8b0000 - 0x00007fff5d8c7000 	C:\Windows\SYSTEM32\dhcpcsvc6.DLL
0x00007fff5d890000 - 0x00007fff5d8ad000 	C:\Windows\SYSTEM32\dhcpcsvc.DLL

JVMTI agents:
c:\Users\Administrator\.vscode\extensions\redhat.java-1.52.0-win32-x64\lombok\lombok-1.18.39-4050.jar path:c:\Users\Administrator\.vscode\extensions\redhat.java-1.52.0-win32-x64\jre\21.0.9-win32-x86_64\bin\instrument.dll, loaded, initialized, instrumentlib options:none

dbghelp: loaded successfully - version: 4.0.5 - missing functions: none
symbol engine: initialized successfully - sym options: 0x614 - pdb path: .;c:\Users\Administrator\.vscode\extensions\redhat.java-1.52.0-win32-x64\jre\21.0.9-win32-x86_64\bin;C:\Windows\SYSTEM32;C:\Windows\WinSxS\amd64_microsoft.windows.common-controls_6595b64144ccf1df_6.0.19041.6456_none_60b8a6cb71f64256;c:\Users\Administrator\.vscode\extensions\redhat.java-1.52.0-win32-x64\jre\21.0.9-win32-x86_64\bin\server;C:\Users\Administrator\AppData\Roaming\Code\User\globalStorage\redhat.java\1.52.0\config_win\org.eclipse.equinox.launcher\org.eclipse.equinox.launcher.win32.win32.x86_64_1.2.1500.v20260121-1430;C:\Users\Administrator\AppData\Local\Temp\jna-146731693

VM Arguments:
jvm_args: --add-modules=ALL-SYSTEM --add-opens=java.base/java.util=ALL-UNNAMED --add-opens=java.base/java.lang=ALL-UNNAMED --add-opens=java.base/sun.nio.fs=ALL-UNNAMED -Declipse.application=org.eclipse.jdt.ls.core.id1 -Dosgi.bundles.defaultStartLevel=4 -Declipse.product=org.eclipse.jdt.ls.core.product -Djava.import.generatesMetadataFilesAtProjectRoot=false -DDetectVMInstallationsJob.disabled=true -Dfile.encoding=utf8 -XX:+UseParallelGC -XX:GCTimeRatio=4 -XX:AdaptiveSizePolicyWeight=90 -Dsun.zip.disableMemoryMapping=true -Xmx2G -Xms100m -Xlog:disable -javaagent:c:\Users\Administrator\.vscode\extensions\redhat.java-1.52.0-win32-x64\lombok\lombok-1.18.39-4050.jar -XX:+HeapDumpOnOutOfMemoryError -XX:HeapDumpPath=c:\Users\Administrator\AppData\Roaming\Code\User\workspaceStorage\08b63966e0f6120811ab977c7499b368\redhat.java -Daether.dependencyCollector.impl=bf 
java_command: c:\Users\Administrator\.vscode\extensions\redhat.java-1.52.0-win32-x64\server\plugins\org.eclipse.equinox.launcher_1.7.100.v20251111-0406.jar -configuration c:\Users\Administrator\AppData\Roaming\Code\User\globalStorage\redhat.java\1.52.0\config_win -data c:\Users\Administrator\AppData\Roaming\Code\User\workspaceStorage\08b63966e0f6120811ab977c7499b368\redhat.java\jdt_ws --pipe=\\.\pipe\lsp-4642c772e72804da50ca0a872bc0c619-sock
java_class_path (initial): c:\Users\Administrator\.vscode\extensions\redhat.java-1.52.0-win32-x64\server\plugins\org.eclipse.equinox.launcher_1.7.100.v20251111-0406.jar
Launcher Type: SUN_STANDARD

[Global flags]
    uintx AdaptiveSizePolicyWeight                 = 90                                        {product} {command line}
     intx CICompilerCount                          = 3                                         {product} {ergonomic}
    uintx GCTimeRatio                              = 4                                         {product} {command line}
     bool HeapDumpOnOutOfMemoryError               = true                                   {manageable} {command line}
    ccstr HeapDumpPath                             = c:\Users\Administrator\AppData\Roaming\Code\User\workspaceStorage\08b63966e0f6120811ab977c7499b368\redhat.java         {manageable} {command line}
   size_t InitialHeapSize                          = 104857600                                 {product} {command line}
   size_t MaxHeapSize                              = 2147483648                                {product} {command line}
   size_t MaxNewSize                               = 715653120                                 {product} {ergonomic}
   size_t MinHeapDeltaBytes                        = 524288                                    {product} {ergonomic}
   size_t MinHeapSize                              = 104857600                                 {product} {command line}
   size_t NewSize                                  = 34603008                                  {product} {ergonomic}
    uintx NonNMethodCodeHeapSize                   = 5832780                                {pd product} {ergonomic}
    uintx NonProfiledCodeHeapSize                  = 122912730                              {pd product} {ergonomic}
   size_t OldSize                                  = 70254592                                  {product} {ergonomic}
    uintx ProfiledCodeHeapSize                     = 122912730                              {pd product} {ergonomic}
    uintx ReservedCodeCacheSize                    = 251658240                              {pd product} {ergonomic}
     bool SegmentedCodeCache                       = true                                      {product} {ergonomic}
   size_t SoftMaxHeapSize                          = 2147483648                             {manageable} {ergonomic}
     bool UseCompressedOops                        = true                           {product lp64_product} {ergonomic}
     bool UseLargePagesIndividualAllocation        = false                                  {pd product} {ergonomic}
     bool UseParallelGC                            = true                                      {product} {command line}

Logging:
Log output configuration:
 #0: stdout all=off uptime,level,tags foldmultilines=false
 #1: stderr all=off uptime,level,tags foldmultilines=false

Release file:
JAVA_VERSION="21.0.9" 
MODULES="java.base java.compiler java.datatransfer java.xml java.prefs java.desktop java.instrument java.logging java.management java.security.sasl java.naming java.rmi java.management.rmi java.net.http java.scripting java.security.jgss java.transaction.xa java.sql java.sql.rowset java.xml.crypto java.se java.smartcardio jdk.accessibility jdk.internal.jvmstat jdk.attach jdk.charsets jdk.internal.opt jdk.zipfs jdk.compiler jdk.crypto.ec jdk.crypto.cryptoki jdk.crypto.mscapi jdk.dynalink jdk.internal.ed jdk.editpad jdk.hotspot.agent jdk.httpserver jdk.internal.le jdk.internal.vm.ci jdk.internal.vm.compiler jdk.internal.vm.compiler.management jdk.jartool jdk.javadoc jdk.jcmd jdk.management jdk.management.agent jdk.jconsole jdk.jdeps jdk.jdwp.agent jdk.jdi jdk.jfr jdk.jshell jdk.jsobject jdk.jstatd jdk.localedata jdk.management.jfr jdk.naming.dns jdk.naming.rmi jdk.net jdk.nio.mapmode jdk.random jdk.sctp jdk.security.auth jdk.security.jgss jdk.unsupported jdk.unsupported.desktop jdk.xml.dom" 

Environment Variables:
PATH=%JAVA_HOME%\bin;C:\Program Files\Common Files\Oracle\Java\javapath;C:\Program Files (x86)\Common Files\Intel\Shared Libraries\redist\intel64_win\compiler;C:\Windows\system32;C:\Windows;C:\Windows\System32\Wbem;C:\Windows\System32\WindowsPowerShell\v1.0\;C:\Windows\System32\OpenSSH\;C:\Program Files\Bandizip\;C:\Program Files\dotnet\;C:\Program Files\Common Files\Autodesk Shared\;C:\Program Files\Microsoft SQL Server\120\Tools\Binn\;C:\Program Files\Git\cmd;C:\Program Files\nodejs\;C:\Users\Administrator\AppData\Local\Microsoft\WindowsApps;C:\Users\Administrator\AppData\Local\Programs\Microsoft VS Code\bin;C:\Users\Administrator\AppData\Roaming\npm
USERNAME=Administrator
OS=Windows_NT
PROCESSOR_IDENTIFIER=Intel64 Family 6 Model 158 Stepping 10, GenuineIntel
TMP=C:\Users\ADMINI~1\AppData\Local\Temp
TEMP=C:\Users\ADMINI~1\AppData\Local\Temp




Periodic native trim disabled

---------------  S Y S T E M  ---------------

OS:
 Windows 10 , 64 bit Build 19041 (10.0.19041.5915)
OS uptime: 0 days 9:44 hours

CPU: total 6 (initial active 6) (6 cores per cpu, 1 threads per core) family 6 model 158 stepping 10 microcode 0xb4, cx8, cmov, fxsr, mmx, 3dnowpref, sse, sse2, sse3, ssse3, sse4.1, sse4.2, popcnt, lzcnt, tsc, tscinvbit, avx, avx2, aes, erms, clmul, bmi1, bmi2, rtm, adx, fma, vzeroupper, clflush, clflushopt, rdtscp, f16c
Processor Information for the first 6 processors :
  Max Mhz: 3000, Current Mhz: 3000, Mhz Limit: 3000

Memory: 4k page, system-wide physical 16332M (4940M free)
TotalPageFile size 18380M (AvailPageFile size 33M)
current process WorkingSet (physical memory assigned to process): 209M, peak: 214M
current process commit charge ("private bytes"): 323M, peak: 329M

vm_info: OpenJDK 64-Bit Server VM (21.0.9+10-LTS) for windows-amd64 JRE (21.0.9+10-LTS), built on 2025-10-21T00:00:00Z by "admin" with unknown MS VC++:1942

END.
